# JRE version: Java(TM) SE Runtime Environment (8.0_341-b10) (build 1.8.0_341-b10)
# Java VM: Java HotSpot(TM) 64-Bit Server VM (25.341-b10 mixed mode windows-amd64 compressed oops)
Heap:
 PSYoungGen      total 130048K, used 76954K [0x000000076c000000, 0x0000000774c00000, 0x00000007c0000000)
  eden space 119296K, 55% used [0x000000076c000000,0x00000007700acfb8,0x0000000773480000)
  from space 10752K, 99% used [0x0000000774180000,0x0000000774bf9c28,0x0000000774c00000)
  to   space 10752K, 0% used [0x0000000773700000,0x0000000773700000,0x0000000774180000)
 ParOldGen       total 99328K, used 33904K [0x00000006c4000000, 0x00000006ca100000, 0x000000076c000000)
  object space 99328K, 34% used [0x00000006c4000000,0x00000006c611c098,0x00000006ca100000)
 Metaspace       used 45117K, capacity 45988K, committed 46208K, reserved 1089536K
  class space    used 5445K, capacity 5635K, committed 5760K, reserved 1048576K
GC Heap History (10 events):
Event: 1.243 GC heap before
{Heap before GC invocations=2 (full 0):
 PSYoungGen      total 75264K, used 12640K [0x000000076c000000, 0x0000000771400000, 0x00000007c0000000)
  eden space 64512K, 2% used [0x000000076c000000,0x000000076c1dbf78,0x000000076ff00000)
  from space 10752K, 99% used [0x000000076ff00000,0x000000077097c278,0x0000000770980000)
  to   space 10752K, 0% used [0x0000000770980000,0x0000000770980000,0x0000000771400000)
 ParOldGen       total 172032K, used 1656K [0x00000006c4000000, 0x00000006ce800000, 0x000000076c000000)
  object space 172032K, 0% used [0x00000006c4000000,0x00000006c419e0d8,0x00000006ce800000)
 Metaspace       used 20961K, capacity 21198K, committed 21296K, reserved 1069056K
  class space    used 2452K, capacity 2537K, committed 2560K, reserved 1048576K
Event: 1.247 GC heap after
Heap after GC invocations=2 (full 0):
 PSYoungGen      total 75264K, used 4661K [0x000000076c000000, 0x0000000775300000, 0x00000007c0000000)
  eden space 64512K, 0% used [0x000000076c000000,0x000000076c000000,0x000000076ff00000)
  from space 10752K, 43% used [0x0000000770980000,0x0000000770e0d538,0x0000000771400000)
  to   space 10752K, 0% used [0x000000076ff00000,0x000000076ff00000,0x0000000770980000)
 ParOldGen       total 172032K, used 1664K [0x00000006c4000000, 0x00000006ce800000, 0x000000076c000000)
  object space 172032K, 0% used [0x00000006c4000000,0x00000006c41a00d8,0x00000006ce800000)
 Metaspace       used 20961K, capacity 21198K, committed 21296K, reserved 1069056K
  class space    used 2452K, capacity 2537K, committed 2560K, reserved 1048576K
}
Event: 1.247 GC heap before
{Heap before GC invocations=3 (full 1):
 PSYoungGen      total 75264K, used 4661K [0x000000076c000000, 0x0000000775300000, 0x00000007c0000000)
  eden space 64512K, 0% used [0x000000076c000000,0x000000076c000000,0x000000076ff00000)
  from space 10752K, 43% used [0x0000000770980000,0x0000000770e0d538,0x0000000771400000)
  to   space 10752K, 0% used [0x000000076ff00000,0x000000076ff00000,0x0000000770980000)
 ParOldGen       total 172032K, used 1664K [0x00000006c4000000, 0x00000006ce800000, 0x000000076c000000)
  object space 172032K, 0% used [0x00000006c4000000,0x00000006c41a00d8,0x00000006ce800000)
 Metaspace       used 20961K, capacity 21198K, committed 21296K, reserved 1069056K
  class space    used 2452K, capacity 2537K, committed 2560K, reserved 1048576K
Event: 1.267 GC heap after
Heap after GC invocations=3 (full 1):
 PSYoungGen      total 75264K, used 0K [0x000000076c000000, 0x0000000775300000, 0x00000007c0000000)
  eden space 64512K, 0% used [0x000000076c000000,0x000000076c000000,0x000000076ff00000)
  from space 10752K, 0% used [0x0000000770980000,0x0000000770980000,0x0000000771400000)
  to   space 10752K, 0% used [0x000000076ff00000,0x000000076ff00000,0x0000000770980000)
 ParOldGen       total 76800K, used 4546K [0x00000006c4000000, 0x00000006c8b00000, 0x000000076c000000)
  object space 76800K, 5% used [0x00000006c4000000,0x00000006c4470980,0x00000006c8b00000)
 Metaspace       used 20961K, capacity 21198K, committed 21296K, reserved 1069056K
  class space    used 2452K, capacity 2537K, committed 2560K, reserved 1048576K
}
Event: 4.757 GC heap before
{Heap before GC invocations=4 (full 1):
 PSYoungGen      total 75264K, used 51908K [0x000000076c000000, 0x0000000775300000, 0x00000007c0000000)
  eden space 64512K, 80% used [0x000000076c000000,0x000000076f2b12d0,0x000000076ff00000)
  from space 10752K, 0% used [0x0000000770980000,0x0000000770980000,0x0000000771400000)
  to   space 10752K, 0% used [0x000000076ff00000,0x000000076ff00000,0x0000000770980000)
 ParOldGen       total 76800K, used 4546K [0x00000006c4000000, 0x00000006c8b00000, 0x000000076c000000)
  object space 76800K, 5% used [0x00000006c4000000,0x00000006c4470980,0x00000006c8b00000)
 Metaspace       used 34798K, capacity 35268K, committed 35456K, reserved 1081344K
  class space    used 4307K, capacity 4471K, committed 4480K, reserved 1048576K
Event: 4.764 GC heap after
Heap after GC invocations=4 (full 1):
 PSYoungGen      total 75264K, used 10722K [0x000000076c000000, 0x0000000774c00000, 0x00000007c0000000)
  eden space 64512K, 0% used [0x000000076c000000,0x000000076c000000,0x000000076ff00000)
  from space 10752K, 99% used [0x000000076ff00000,0x0000000770978b20,0x0000000770980000)
  to   space 10752K, 0% used [0x0000000774180000,0x0000000774180000,0x0000000774c00000)
 ParOldGen       total 76800K, used 7053K [0x00000006c4000000, 0x00000006c8b00000, 0x000000076c000000)
  object space 76800K, 9% used [0x00000006c4000000,0x00000006c46e3488,0x00000006c8b00000)
 Metaspace       used 34798K, capacity 35268K, committed 35456K, reserved 1081344K
  class space    used 4307K, capacity 4471K, committed 4480K, reserved 1048576K
}
Event: 4.764 GC heap before
{Heap before GC invocations=5 (full 2):
 PSYoungGen      total 75264K, used 10722K [0x000000076c000000, 0x0000000774c00000, 0x00000007c0000000)
  eden space 64512K, 0% used [0x000000076c000000,0x000000076c000000,0x000000076ff00000)
  from space 10752K, 99% used [0x000000076ff00000,0x0000000770978b20,0x0000000770980000)
  to   space 10752K, 0% used [0x0000000774180000,0x0000000774180000,0x0000000774c00000)
 ParOldGen       total 76800K, used 7053K [0x00000006c4000000, 0x00000006c8b00000, 0x000000076c000000)
  object space 76800K, 9% used [0x00000006c4000000,0x00000006c46e3488,0x00000006c8b00000)
 Metaspace       used 34798K, capacity 35268K, committed 35456K, reserved 1081344K
  class space    used 4307K, capacity 4471K, committed 4480K, reserved 1048576K
Event: 4.822 GC heap after
Heap after GC invocations=5 (full 2):
 PSYoungGen      total 75264K, used 0K [0x000000076c000000, 0x0000000774c00000, 0x00000007c0000000)
  eden space 64512K, 0% used [0x000000076c000000,0x000000076c000000,0x000000076ff00000)
  from space 10752K, 0% used [0x000000076ff00000,0x000000076ff00000,0x0000000770980000)
  to   space 10752K, 0% used [0x0000000774180000,0x0000000774180000,0x0000000774c00000)
 ParOldGen       total 99328K, used 17141K [0x00000006c4000000, 0x00000006ca100000, 0x000000076c000000)
  object space 99328K, 17% used [0x00000006c4000000,0x00000006c50bd510,0x00000006ca100000)
 Metaspace       used 34798K, capacity 35268K, committed 35456K, reserved 1081344K
  class space    used 4307K, capacity 4471K, committed 4480K, reserved 1048576K
}
Event: 117.397 GC heap before
{Heap before GC invocations=6 (full 2):
 PSYoungGen      total 75264K, used 64512K [0x000000076c000000, 0x0000000774c00000, 0x00000007c0000000)
  eden space 64512K, 100% used [0x000000076c000000,0x000000076ff00000,0x000000076ff00000)
  from space 10752K, 0% used [0x000000076ff00000,0x000000076ff00000,0x0000000770980000)
  to   space 10752K, 0% used [0x0000000774180000,0x0000000774180000,0x0000000774c00000)
 ParOldGen       total 99328K, used 17141K [0x00000006c4000000, 0x00000006ca100000, 0x000000076c000000)
  object space 99328K, 17% used [0x00000006c4000000,0x00000006c50bd510,0x00000006ca100000)
 Metaspace       used 42090K, capacity 42886K, committed 43008K, reserved 1087488K
  class space    used 5142K, capacity 5350K, committed 5376K, reserved 1048576K
Event: 117.408 GC heap after
Heap after GC invocations=6 (full 2):
 PSYoungGen      total 130048K, used 10727K [0x000000076c000000, 0x0000000774c00000, 0x00000007c0000000)
  eden space 119296K, 0% used [0x000000076c000000,0x000000076c000000,0x0000000773480000)
  from space 10752K, 99% used [0x0000000774180000,0x0000000774bf9c28,0x0000000774c00000)
  to   space 10752K, 0% used [0x0000000773700000,0x0000000773700000,0x0000000774180000)
 ParOldGen       total 99328K, used 33904K [0x00000006c4000000, 0x00000006ca100000, 0x000000076c000000)
  object space 99328K, 34% used [0x00000006c4000000,0x00000006c611c098,0x00000006ca100000)
 Metaspace       used 42090K, capacity 42886K, committed 43008K, reserved 1087488K
  class space    used 5142K, capacity 5350K, committed 5376K, reserved 1048576K
}

